<?xml version="1.0" encoding="UTF-8"?>
<!-- Generated by org.testng.reporters.JUnitReportReporter -->
<testsuite hostname="DESKTOP-V54N7G4" failures="0" tests="3" name="zavrsniProjekatTestovi.SettingsTest" time="2.023" errors="1" timestamp="2021-02-26T18:17:56 CET" skipped="2">
  <testcase classname="zavrsniProjekatTestovi.SettingsTest" name="changeLanguage" time="0.000">
    <skipped/>
  </testcase> <!-- changeLanguage -->
  <system-out/>
  <testcase classname="zavrsniProjekatTestovi.SettingsTest" name="disableMailSmsPush" time="0.000">
    <skipped/>
  </testcase> <!-- disableMailSmsPush -->
  <system-out/>
  <testcase classname="zavrsniProjekatTestovi.SettingsTest" name="createDriver" time="2.023">
    <error message="unknown error: Chrome failed to start: exited normally.
  (unknown error: DevToolsActivePort file doesn&#039;t exist)
  (The process started from chrome location C:\Program Files\Google\Chrome\Application\chrome.exe is no longer running, so ChromeDriver is assuming that Chrome has crashed.)
Build info: version: &#039;3.141.59&#039;, revision: &#039;e82be7d358&#039;, time: &#039;2018-11-14T08:25:53&#039;
System info: host: &#039;DESKTOP-V54N7G4&#039;, ip: &#039;192.168.8.109&#039;, os.name: &#039;Windows 10&#039;, os.arch: &#039;amd64&#039;, os.version: &#039;10.0&#039;, java.version: &#039;15.0.1&#039;
Driver info: driver.version: ChromeDriver
remote stacktrace: Backtrace:
	GetHandleVerifier [0x00B8B963+483]
	GetHandleVerifier [0x00B8B941+449]
	GetHandleVerifier [0x00F33308+3832712]
	GetHandleVerifier [0x00F49FA6+3926054]
	GetHandleVerifier [0x00F47D9C+3917340]
	GetHandleVerifier [0x00F6E7FE+4075646]
	GetHandleVerifier [0x00F6E56C+4074988]
	GetHandleVerifier [0x00F6B2EB+4062059]
	GetHandleVerifier [0x00F4ED14+3945876]
	GetHandleVerifier [0x00F4FBCE+3949646]
	GetHandleVerifier [0x00F4FB59+3949529]
	Ordinal0 [0x00B4B5CC+46540]
	Ordinal0 [0x00B49F53+40787]
	Ordinal0 [0x00B49B12+39698]
	GetHandleVerifier [0x00E51468+2907368]
	GetHandleVerifier [0x00C971EE+1096302]
	GetHandleVerifier [0x00C53E8D+821005]
	GetHandleVerifier [0x00C5396B+819691]
	GetHandleVerifier [0x00C53881+819457]
	GetHandleVerifier [0x00C7F463+998627]
	BaseThreadInitThunk [0x75FFFA29+25]
	RtlGetAppContainerNamedObjectPath [0x775276B4+228]
	RtlGetAppContainerNamedObjectPath [0x77527684+180]
" type="org.openqa.selenium.WebDriverException">
      <![CDATA[org.openqa.selenium.WebDriverException: unknown error: Chrome failed to start: exited normally.
  (unknown error: DevToolsActivePort file doesn't exist)
  (The process started from chrome location C:\Program Files\Google\Chrome\Application\chrome.exe is no longer running, so ChromeDriver is assuming that Chrome has crashed.)
Build info: version: '3.141.59', revision: 'e82be7d358', time: '2018-11-14T08:25:53'
System info: host: 'DESKTOP-V54N7G4', ip: '192.168.8.109', os.name: 'Windows 10', os.arch: 'amd64', os.version: '10.0', java.version: '15.0.1'
Driver info: driver.version: ChromeDriver
remote stacktrace: Backtrace:
GetHandleVerifier [0x00B8B963+483]
GetHandleVerifier [0x00B8B941+449]
GetHandleVerifier [0x00F33308+3832712]
GetHandleVerifier [0x00F49FA6+3926054]
GetHandleVerifier [0x00F47D9C+3917340]
GetHandleVerifier [0x00F6E7FE+4075646]
GetHandleVerifier [0x00F6E56C+4074988]
GetHandleVerifier [0x00F6B2EB+4062059]
GetHandleVerifier [0x00F4ED14+3945876]
GetHandleVerifier [0x00F4FBCE+3949646]
GetHandleVerifier [0x00F4FB59+3949529]
Ordinal0 [0x00B4B5CC+46540]
Ordinal0 [0x00B49F53+40787]
Ordinal0 [0x00B49B12+39698]
GetHandleVerifier [0x00E51468+2907368]
GetHandleVerifier [0x00C971EE+1096302]
GetHandleVerifier [0x00C53E8D+821005]
GetHandleVerifier [0x00C5396B+819691]
GetHandleVerifier [0x00C53881+819457]
GetHandleVerifier [0x00C7F463+998627]
BaseThreadInitThunk [0x75FFFA29+25]
RtlGetAppContainerNamedObjectPath [0x775276B4+228]
RtlGetAppContainerNamedObjectPath [0x77527684+180]

at java.base/jdk.internal.reflect.NativeConstructorAccessorImpl.newInstance0(Native Method)
at java.base/jdk.internal.reflect.NativeConstructorAccessorImpl.newInstance(NativeConstructorAccessorImpl.java:64)
at java.base/jdk.internal.reflect.DelegatingConstructorAccessorImpl.newInstance(DelegatingConstructorAccessorImpl.java:45)
at java.base/java.lang.reflect.Constructor.newInstanceWithCaller(Constructor.java:500)
at java.base/java.lang.reflect.Constructor.newInstance(Constructor.java:481)
at org.openqa.selenium.remote.W3CHandshakeResponse.lambda$errorHandler$0(W3CHandshakeResponse.java:62)
at org.openqa.selenium.remote.HandshakeResponse.lambda$getResponseFunction$0(HandshakeResponse.java:30)
at org.openqa.selenium.remote.ProtocolHandshake.lambda$createSession$0(ProtocolHandshake.java:126)
at java.base/java.util.stream.ReferencePipeline$3$1.accept(ReferencePipeline.java:195)
at java.base/java.util.Spliterators$ArraySpliterator.tryAdvance(Spliterators.java:958)
at java.base/java.util.stream.ReferencePipeline.forEachWithCancel(ReferencePipeline.java:127)
at java.base/java.util.stream.AbstractPipeline.copyIntoWithCancel(AbstractPipeline.java:502)
at java.base/java.util.stream.AbstractPipeline.copyInto(AbstractPipeline.java:488)
at java.base/java.util.stream.AbstractPipeline.wrapAndCopyInto(AbstractPipeline.java:474)
at java.base/java.util.stream.FindOps$FindOp.evaluateSequential(FindOps.java:150)
at java.base/java.util.stream.AbstractPipeline.evaluate(AbstractPipeline.java:234)
at java.base/java.util.stream.ReferencePipeline.findFirst(ReferencePipeline.java:543)
at org.openqa.selenium.remote.ProtocolHandshake.createSession(ProtocolHandshake.java:128)
at org.openqa.selenium.remote.ProtocolHandshake.createSession(ProtocolHandshake.java:74)
at org.openqa.selenium.remote.HttpCommandExecutor.execute(HttpCommandExecutor.java:136)
at org.openqa.selenium.remote.service.DriverCommandExecutor.execute(DriverCommandExecutor.java:83)
at org.openqa.selenium.remote.RemoteWebDriver.execute(RemoteWebDriver.java:552)
at org.openqa.selenium.remote.RemoteWebDriver.startSession(RemoteWebDriver.java:213)
at org.openqa.selenium.remote.RemoteWebDriver.<init>(RemoteWebDriver.java:131)
at org.openqa.selenium.chrome.ChromeDriver.<init>(ChromeDriver.java:181)
at org.openqa.selenium.chrome.ChromeDriver.<init>(ChromeDriver.java:168)
at org.openqa.selenium.chrome.ChromeDriver.<init>(ChromeDriver.java:123)
at zavrsniProjekatTestovi.SettingsTest.createDriver(SettingsTest.java:24)
at java.base/jdk.internal.reflect.NativeMethodAccessorImpl.invoke0(Native Method)
at java.base/jdk.internal.reflect.NativeMethodAccessorImpl.invoke(NativeMethodAccessorImpl.java:64)
at java.base/jdk.internal.reflect.DelegatingMethodAccessorImpl.invoke(DelegatingMethodAccessorImpl.java:43)
at java.base/java.lang.reflect.Method.invoke(Method.java:564)
at org.testng.internal.MethodInvocationHelper.invokeMethod(MethodInvocationHelper.java:132)
at org.testng.internal.MethodInvocationHelper.invokeMethodConsideringTimeout(MethodInvocationHelper.java:61)
at org.testng.internal.ConfigInvoker.invokeConfigurationMethod(ConfigInvoker.java:366)
at org.testng.internal.ConfigInvoker.invokeConfigurations(ConfigInvoker.java:320)
at org.testng.internal.TestMethodWorker.invokeBeforeClassMethods(TestMethodWorker.java:176)
at org.testng.internal.TestMethodWorker.run(TestMethodWorker.java:122)
at java.base/java.util.ArrayList.forEach(ArrayList.java:1511)
at org.testng.TestRunner.privateRun(TestRunner.java:764)
at org.testng.TestRunner.run(TestRunner.java:585)
at org.testng.SuiteRunner.runTest(SuiteRunner.java:384)
at org.testng.SuiteRunner.runSequentially(SuiteRunner.java:378)
at org.testng.SuiteRunner.privateRun(SuiteRunner.java:337)
at org.testng.SuiteRunner.run(SuiteRunner.java:286)
at org.testng.SuiteRunnerWorker.runSuite(SuiteRunnerWorker.java:53)
at org.testng.SuiteRunnerWorker.run(SuiteRunnerWorker.java:96)
at org.testng.TestNG.runSuitesSequentially(TestNG.java:1218)
at org.testng.TestNG.runSuitesLocally(TestNG.java:1140)
at org.testng.TestNG.runSuites(TestNG.java:1069)
at org.testng.TestNG.run(TestNG.java:1037)
at org.testng.remote.AbstractRemoteTestNG.run(AbstractRemoteTestNG.java:115)
at org.testng.remote.RemoteTestNG.initAndRun(RemoteTestNG.java:251)
at org.testng.remote.RemoteTestNG.main(RemoteTestNG.java:77)
]]>
    </error>
  </testcase> <!-- createDriver -->
  <system-out/>
</testsuite> <!-- zavrsniProjekatTestovi.SettingsTest -->
